2024.05.16 18:29:03 INFO  Started: Metals version 1.3.1 in folders '/Users/abbadmus/Desktop/hands-on-scala-programming/example-3' for client Visual Studio Code 1.82.2.
SLF4J(W): Class path contains multiple SLF4J providers.
SLF4J(W): Found provider [scribe.slf4j.ScribeServiceProvider@2a0c25df]
SLF4J(W): Found provider [ch.qos.logback.classic.spi.LogbackServiceProvider@7e29b5a3]
SLF4J(W): See https://www.slf4j.org/codes.html#multiple_bindings for an explanation.
SLF4J(I): Actual provider is of type [scribe.slf4j.ScribeServiceProvider@2a0c25df]
2024.05.16 18:29:04 WARN  Flyway upgrade recommended: H2 2.2.224 is newer than this version of Flyway and support has not been tested. The latest supported version of H2 is 2.2.220.
2024.05.16 18:29:44 INFO  no build target found for /Users/abbadmus/Desktop/hands-on-scala-programming/example-3/build.sc. Using presentation compiler with project's scala-library version: 3.3.3
2024.05.16 18:29:57 INFO  no build target found for /Users/abbadmus/Desktop/hands-on-scala-programming/example-3/build.sc. Using presentation compiler with project's scala-library version: 3.3.3
2024.05.16 18:29:58 INFO  no build target found for /Users/abbadmus/Desktop/hands-on-scala-programming/example-3/foo/src/Assignment.scala. Using presentation compiler with project's scala-library version: 3.3.3
2024.05.16 18:30:00 INFO  no build target found for /Users/abbadmus/Desktop/hands-on-scala-programming/example-3/foo/src/Assignment.scala. Using presentation compiler with project's scala-library version: 3.3.3
2024.05.16 18:30:00 INFO  no build target found for /Users/abbadmus/Desktop/hands-on-scala-programming/example-3/foo/src/FilesAndSubprocess.scala. Using presentation compiler with project's scala-library version: 3.3.3
2024.05.16 18:30:06 INFO  no build target found for /Users/abbadmus/Desktop/hands-on-scala-programming/example-3/foo/src/FilesAndSubprocess.scala. Using presentation compiler with project's scala-library version: 3.3.3
2024.05.16 18:30:06 INFO  no build target found for /Users/abbadmus/Desktop/hands-on-scala-programming/example-3/foo/src/FilesAndSubprocess.scala. Using presentation compiler with project's scala-library version: 3.3.3
2024.05.16 18:30:09 INFO  no build target found for /Users/abbadmus/Desktop/hands-on-scala-programming/example-3/foo/src/FilesAndSubprocess.scala. Using presentation compiler with project's scala-library version: 3.3.3
2024.05.16 18:30:09 INFO  no build target found for /Users/abbadmus/Desktop/hands-on-scala-programming/example-3/foo/src/FilesAndSubprocess.scala. Using presentation compiler with project's scala-library version: 3.3.3
2024.05.16 18:30:09 INFO  no build target found for /Users/abbadmus/Desktop/hands-on-scala-programming/example-3/foo/src/FilesAndSubprocess.scala. Using presentation compiler with project's scala-library version: 3.3.3
2024.05.16 18:30:09 INFO  no build target found for /Users/abbadmus/Desktop/hands-on-scala-programming/example-3/foo/src/FilesAndSubprocess.scala. Using presentation compiler with project's scala-library version: 3.3.3
2024.05.16 18:30:10 INFO  no build target found for /Users/abbadmus/Desktop/hands-on-scala-programming/example-3/foo/src/FilesAndSubprocess.scala. Using presentation compiler with project's scala-library version: 3.3.3
2024.05.16 18:30:11 INFO  no build target found for /Users/abbadmus/Desktop/hands-on-scala-programming/example-3/foo/src/FilesAndSubprocess.scala. Using presentation compiler with project's scala-library version: 3.3.3
2024.05.16 18:30:11 INFO  no build target found for /Users/abbadmus/Desktop/hands-on-scala-programming/example-3/foo/src/FilesAndSubprocess.scala. Using presentation compiler with project's scala-library version: 3.3.3
2024.05.16 18:30:12 INFO  no build target found for /Users/abbadmus/Desktop/hands-on-scala-programming/example-3/foo/src/FilesAndSubprocess.scala. Using presentation compiler with project's scala-library version: 3.3.3
2024.05.16 18:30:14 INFO  no build target found for /Users/abbadmus/Desktop/hands-on-scala-programming/example-3/foo/src/FilesAndSubprocess.scala. Using presentation compiler with project's scala-library version: 3.3.3
2024.05.16 18:30:15 INFO  no build target found for /Users/abbadmus/Desktop/hands-on-scala-programming/example-3/foo/src/FilesAndSubprocess.scala. Using presentation compiler with project's scala-library version: 3.3.3
2024.05.16 18:30:16 INFO  no build target found for /Users/abbadmus/Desktop/hands-on-scala-programming/example-3/foo/src/FilesAndSubprocess.scala. Using presentation compiler with project's scala-library version: 3.3.3
2024.05.16 18:30:37 WARN  no build target for: /Users/abbadmus/Desktop/hands-on-scala-programming/example-3/foo/src/FilesAndSubprocess.scala
2024.05.16 18:30:37 INFO  no build target found for /Users/abbadmus/Desktop/hands-on-scala-programming/example-3/foo/src/FilesAndSubprocess.scala. Using presentation compiler with project's scala-library version: 3.3.3
2024.05.16 18:30:37 INFO  no build target found for /Users/abbadmus/Desktop/hands-on-scala-programming/example-3/foo/src/FilesAndSubprocess.scala. Using presentation compiler with project's scala-library version: 3.3.3
